0 info it worked if it ends with ok
1 verbose cli [ '/usr/libexec/openshift/cartridges/c9-0.1/root/bin/node-openshift-v10',
1 verbose cli   '/usr/libexec/openshift/cartridges/c9-0.1/root/lib/node_modules/npm/bin/npm-cli.js',
1 verbose cli   'run-script',
1 verbose cli   'server' ]
2 info using npm@1.3.8
3 info using node@v0.10.18
4 error Error: ENOENT, open '/var/lib/stickshift/52290c895004462835000013/app-root/data/604829/src/img/package.json'
5 error If you need help, you may report this log at:
5 error     <http://github.com/isaacs/npm/issues>
5 error or email it to:
5 error     <npm-@googlegroups.com>
6 error System Linux 2.6.32-358.18.1.el6.x86_64
7 error command "/usr/libexec/openshift/cartridges/c9-0.1/root/bin/node-openshift-v10" "/usr/libexec/openshift/cartridges/c9-0.1/root/lib/node_modules/npm/bin/npm-cli.js" "run-script" "server"
8 error cwd /var/lib/stickshift/52290c895004462835000013/app-root/data/604829/src/img
9 error node -v v0.10.18
10 error npm -v 1.3.8
11 error path /var/lib/stickshift/52290c895004462835000013/app-root/data/604829/src/img/package.json
12 error code ENOENT
13 error errno 34
14 verbose exit [ 34, true ]
